0 info it worked if it ends with ok
1 verbose cli [ 'node', '/usr/local/bin/npm', 'install', 'sqlite3', '--save' ]
2 info using npm@2.12.0
3 info using node@v0.12.5
4 verbose install initial load of /Users/keerthanathangaraju/chatRoom/package.json
5 warn package.json socket-chat-example@0.0.1 No repository field.
6 warn package.json socket-chat-example@0.0.1 No README data
7 warn package.json socket-chat-example@0.0.1 No license field.
8 verbose installManyTop reading scoped package data from /Users/keerthanathangaraju/chatRoom/node_modules/express/package.json
9 verbose installManyTop reading scoped package data from /Users/keerthanathangaraju/chatRoom/node_modules/jquery-1.10.2.min.js/package.json
10 verbose installManyTop reading scoped package data from /Users/keerthanathangaraju/chatRoom/node_modules/socket.io/package.json
11 info package.json socket.io@1.3.5 No license field.
12 verbose readDependencies loading dependencies from /Users/keerthanathangaraju/chatRoom/package.json
13 silly cache add args [ 'sqlite3', null ]
14 verbose cache add spec sqlite3
15 silly cache add parsed spec { raw: 'sqlite3',
15 silly cache add   scope: null,
15 silly cache add   name: null,
15 silly cache add   rawSpec: 'sqlite3',
15 silly cache add   spec: '/Users/keerthanathangaraju/chatRoom/sqlite3',
15 silly cache add   type: 'local' }
16 silly addLocalTarball shasum (computed) 9cfff1e005a3d6d02de0491f0b8184d5e8b97454
17 verbose addTmpTarball /Users/keerthanathangaraju/chatRoom/sqlite3 not in flight; adding
18 verbose addTmpTarball validating metadata from /Users/keerthanathangaraju/chatRoom/sqlite3
19 verbose tar unpack /Users/keerthanathangaraju/chatRoom/sqlite3
20 verbose tar unpacking to /tmp/npm-2304-b8768e95/unpack-a3a2955a6b2a
21 silly gentlyRm /tmp/npm-2304-b8768e95/unpack-a3a2955a6b2a is being purged
22 verbose gentlyRm don't care about contents; nuking /tmp/npm-2304-b8768e95/unpack-a3a2955a6b2a
23 silly gunzTarPerm modes [ '755', '644' ]
24 error not a package /Users/keerthanathangaraju/chatRoom/sqlite3
25 error addLocal Could not install /Users/keerthanathangaraju/chatRoom/sqlite3
26 verbose stack Error: ENOENT, open '/tmp/npm-2304-b8768e95/unpack-a3a2955a6b2a/package.json'
26 verbose stack     at Error (native)
27 verbose cwd /Users/keerthanathangaraju/chatRoom
28 error Darwin 14.3.0
29 error argv "node" "/usr/local/bin/npm" "install" "sqlite3" "--save"
30 error node v0.12.5
31 error npm  v2.12.0
32 error path /tmp/npm-2304-b8768e95/unpack-a3a2955a6b2a/package.json
33 error code ENOENT
34 error errno -2
35 error enoent ENOENT, open '/tmp/npm-2304-b8768e95/unpack-a3a2955a6b2a/package.json'
35 error enoent This is most likely not a problem with npm itself
35 error enoent and is related to npm not being able to find a file.
36 verbose exit [ -2, true ]
